<?xml version="1.0" encoding="UTF-8"?>
<!-- Generated by org.testng.reporters.JUnitReportReporter -->
<testsuite hostname="Imrans-Mac-mini.local" failures="0" tests="1" name="docker.firefox" time="28.496" errors="0" timestamp="20 Dec 2022 18:54:18 GMT">
  <testcase classname="docker.firefox" name="demo_grid" time="28.496"/>
</testsuite> <!-- docker.firefox -->
