<?xml version="1.0" encoding="UTF-8"?>
<!-- Generated by org.testng.reporters.JUnitReportReporter -->
<testsuite hostname="Imrans-Mac-mini.local" failures="0" tests="1" name="org.testing.testScript.TestCase5" time="74.976" errors="0" timestamp="5 Dec 2022 16:27:06 GMT">
  <testcase classname="org.testing.testScript.TestCase5" name="watch_later_TC5" time="74.976"/>
</testsuite> <!-- org.testing.testScript.TestCase5 -->
