<?xml version="1.0" encoding="UTF-8"?>
<!-- Generated by org.testng.reporters.JUnitReportReporter -->
<testsuite hostname="Imrans-Mac-mini.local" failures="0" tests="1" name="org.testing.testScript.TestCase2" time="63.170" errors="0" timestamp="13 Dec 2022 04:19:26 GMT">
  <testcase classname="org.testing.testScript.TestCase2" name="history_click_TC2" time="63.170"/>
</testsuite> <!-- org.testing.testScript.TestCase2 -->
