<?xml version="1.0" encoding="UTF-8"?>
<!-- Generated by org.testng.reporters.JUnitReportReporter -->
<testsuite hostname="Imrans-Mac-mini.local" failures="0" tests="1" name="org.testing.Browser.BaseChrome" time="28.699" errors="0" timestamp="9 Dec 2022 06:34:17 GMT">
  <testcase classname="org.testing.Browser.BaseChrome" name="browseopen" time="28.699"/>
</testsuite> <!-- org.testing.Browser.BaseChrome -->
