<?xml version="1.0" encoding="UTF-8"?>
<!-- Generated by org.testng.reporters.JUnitReportReporter -->
<testsuite hostname="Imrans-Mac-mini.local" failures="0" tests="1" name="org.testing.testScript.TestCase4" time="73.263" errors="0" timestamp="5 Dec 2022 16:27:06 GMT">
  <testcase classname="org.testing.testScript.TestCase4" name="Library_click_TC4" time="73.263"/>
</testsuite> <!-- org.testing.testScript.TestCase4 -->
