<?xml version="1.0" encoding="UTF-8"?>
<!-- Generated by org.testng.reporters.JUnitReportReporter -->
<testsuite hostname="Imrans-Mac-mini.local" failures="0" tests="1" name="org.testing.testScript.TestCase6" time="77.811" errors="0" timestamp="5 Dec 2022 16:27:06 GMT">
  <testcase classname="org.testing.testScript.TestCase6" name="your_vedios_TC6" time="77.811"/>
</testsuite> <!-- org.testing.testScript.TestCase6 -->
