<?xml version="1.0" encoding="UTF-8"?>
<!-- Generated by org.testng.reporters.JUnitReportReporter -->
<testsuite hostname="Imrans-Mac-mini.local" failures="0" tests="1" name="org.testing.testScript.TestCase10" time="135.121" errors="0" timestamp="6 Dec 2022 02:34:10 GMT">
  <testcase classname="org.testing.testScript.TestCase10" name="search_vedio_TC10" time="135.121"/>
</testsuite> <!-- org.testing.testScript.TestCase10 -->
